<?xml version="1.0" encoding="UTF-8"?>
<!-- Generated by org.testng.reporters.JUnitXMLReporter -->
<testsuite hostname="DST65976" name="HotelApp" tests="8" failures="0" timestamp="2 Mar 2018 09:28:32 GMT" time="1933.627" errors="0">
  <testcase name="prePay" time="261.913" classname="test.apptest.hotel.OrderPrePay"/>
  <testcase name="prePay" time="247.318" classname="test.apptest.hotel.OrderPrePay"/>
  <testcase name="prePay" time="215.6" classname="test.apptest.hotel.OrderPrePay"/>
  <testcase name="prePay" time="220.797" classname="test.apptest.hotel.OrderPrePay"/>
  <testcase name="prePay" time="258.519" classname="test.apptest.hotel.OrderPrePay"/>
  <testcase name="prePay" time="210.267" classname="test.apptest.hotel.OrderPrePay"/>
  <testcase name="prePay" time="253.773" classname="test.apptest.hotel.OrderPrePay"/>
  <testcase name="prePay" time="224.377" classname="test.apptest.hotel.OrderPrePay"/>
</testsuite> <!-- HotelApp -->
