<?xml version="1.0" encoding="UTF-8"?>
<!-- Generated by org.testng.reporters.JUnitXMLReporter -->
<testsuite hostname="DST65976" name="Testsingle" tests="1" failures="1" timestamp="2 Jan 2018 07:18:23 GMT" time="0.572" errors="0">
  <testcase name="yyf" time="0.007" classname="test.myjava.com.web.test.Single">
    <failure type="java.lang.AssertionError" message="The following asserts failed:
null">
      <![CDATA[java.lang.AssertionError: The following asserts failed:
null
	at test.myjava.com.web.test.Single.yyf(Single.java:43)
	at org.springframework.test.context.testng.AbstractTestNGSpringContextTests.run(AbstractTestNGSpringContextTests.java:172)
... Removed 31 stack frames]]>
    </failure>
  </testcase> <!-- yyf -->
</testsuite> <!-- Testsingle -->
