<?xml version="1.0" encoding="UTF-8"?>
<!-- Generated by org.testng.reporters.JUnitXMLReporter -->
<testsuite hostname="DST65976" name="Testsingle" tests="5" failures="0" timestamp="19 Jan 2018 03:28:55 GMT" time="1.103" errors="0">
  <testcase name="testc" time="0.004" classname="test.apptest.hotel.test2"/>
  <testcase name="testb" time="0.0" classname="test.apptest.hotel.test2"/>
  <testcase name="testa" time="0.001" classname="test.apptest.hotel.test"/>
  <testcase name="testa" time="0.001" classname="test.apptest.hotel.test"/>
  <testcase name="testa" time="0.001" classname="test.apptest.hotel.test"/>
</testsuite> <!-- Testsingle -->
