<?xml version="1.0" encoding="UTF-8"?>
<!-- Generated by org.testng.reporters.JUnitXMLReporter -->
<testsuite hostname="XLH-20160517" name="TestCommon" tests="3" failures="3" timestamp="21 Mar 2017 02:10:07 GMT" time="0.542" errors="0">
  <testcase name="test1" time="0.006" classname="com.web.test.Linster1Test">
    <failure type="java.lang.ArithmeticException" message="/ by zero">
      <![CDATA[java.lang.ArithmeticException: / by zero
	at com.web.test.Linster1Test.test1(Linster1Test.java:32)
	at org.springframework.test.context.testng.AbstractTestNGSpringContextTests.run(AbstractTestNGSpringContextTests.java:140)
... Removed 30 stack frames]]>
    </failure>
  </testcase> <!-- test1 -->
  <testcase name="test1" time="0.001" classname="com.web.test.Linster1Test">
    <failure type="java.lang.ArithmeticException" message="/ by zero">
      <![CDATA[java.lang.ArithmeticException: / by zero
	at com.web.test.Linster1Test.test1(Linster1Test.java:32)
	at org.springframework.test.context.testng.AbstractTestNGSpringContextTests.run(AbstractTestNGSpringContextTests.java:140)
... Removed 30 stack frames]]>
    </failure>
  </testcase> <!-- test1 -->
  <testcase name="test1" time="0.001" classname="com.web.test.Linster1Test">
    <failure type="java.lang.ArithmeticException" message="/ by zero">
      <![CDATA[java.lang.ArithmeticException: / by zero
	at com.web.test.Linster1Test.test1(Linster1Test.java:32)
	at org.springframework.test.context.testng.AbstractTestNGSpringContextTests.run(AbstractTestNGSpringContextTests.java:140)
... Removed 30 stack frames]]>
    </failure>
  </testcase> <!-- test1 -->
</testsuite> <!-- TestCommon -->
