<?xml version="1.0" encoding="UTF-8"?>
<testsuite name="HotelHomePage"
           tests="4"
           failures="1"
           errors="0"
           skipped="3"
           time="0.001">
  <properties />
            <testcase name="beforeClass" time="0.000" classname="test.apptest.hotel.FullRoomRate">
                <failure type="org.openqa.selenium.remote.UnreachableBrowserException"
                  message="Could not start a new session. Possible causes are invalid address of the remote server or browser start-up failure.
Build info: version: &apos;2.53.1&apos;, revision: &apos;a36b8b1cd5757287168e54b817830adce9b0158d&apos;, time: &apos;2016-06-30 19:26:09&apos;
System info: host: &apos;DST65976&apos;, ip: &apos;10.32.86.32&apos;, os.name: &apos;Windows 7&apos;, os.arch: &apos;amd64&apos;, os.version: &apos;6.1&apos;, java.version: &apos;1.8.0_121&apos;
Driver info: driver.version: AndroidDriver"
              >
<![CDATA[org.openqa.selenium.remote.UnreachableBrowserException: Could not start a new session. Possible causes are invalid address of the remote server or browser start-up failure.
Build info: version: '2.53.1', revision: 'a36b8b1cd5757287168e54b817830adce9b0158d', time: '2016-06-30 19:26:09'
System info: host: 'DST65976', ip: '10.32.86.32', os.name: 'Windows 7', os.arch: 'amd64', os.version: '6.1', java.version: '1.8.0_121'
Driver info: driver.version: AndroidDriver
  org.openqa.selenium.remote.RemoteWebDriver.execute(RemoteWebDriver.java:665)
  io.appium.java_client.DefaultGenericMobileDriver.execute(DefaultGenericMobileDriver.java:40)
  io.appium.java_client.AppiumDriver.execute(AppiumDriver.java:1)
  io.appium.java_client.android.AndroidDriver.execute(AndroidDriver.java:1)
  org.openqa.selenium.remote.RemoteWebDriver.startSession(RemoteWebDriver.java:249)
  org.openqa.selenium.remote.RemoteWebDriver.<init>(RemoteWebDriver.java:131)
  org.openqa.selenium.remote.RemoteWebDriver.<init>(RemoteWebDriver.java:144)
  io.appium.java_client.DefaultGenericMobileDriver.<init>(DefaultGenericMobileDriver.java:36)
  io.appium.java_client.AppiumDriver.<init>(AppiumDriver.java:114)
  io.appium.java_client.AppiumDriver.<init>(AppiumDriver.java:132)
  io.appium.java_client.android.AndroidDriver.<init>(AndroidDriver.java:92)
  service.impl.InitialServiceImpl.appiumAndroidCtripSetUp(InitialServiceImpl.java:58)
  test.apptest.hotel.FullRoomRate.beforeClass(FullRoomRate.java:36)
  sun.reflect.NativeMethodAccessorImpl.invoke0(Native Method)
  sun.reflect.NativeMethodAccessorImpl.invoke(NativeMethodAccessorImpl.java:62)
  sun.reflect.DelegatingMethodAccessorImpl.invoke(DelegatingMethodAccessorImpl.java:43)
  java.lang.reflect.Method.invoke(Method.java:498)
  org.testng.internal.MethodInvocationHelper.invokeMethod(MethodInvocationHelper.java:80)
  org.testng.internal.Invoker.invokeConfigurationMethod(Invoker.java:564)
  org.testng.internal.Invoker.invokeConfigurations(Invoker.java:213)
  org.testng.internal.Invoker.invokeConfigurations(Invoker.java:138)
  org.testng.internal.TestMethodWorker.invokeBeforeClassMethods(TestMethodWorker.java:175)
  org.testng.internal.TestMethodWorker.run(TestMethodWorker.java:107)
  org.testng.TestRunner.privateRun(TestRunner.java:767)
  org.testng.TestRunner.run(TestRunner.java:617)
  org.testng.SuiteRunner.runTest(SuiteRunner.java:334)
  org.testng.SuiteRunner.runSequentially(SuiteRunner.java:329)
  org.testng.SuiteRunner.privateRun(SuiteRunner.java:291)
  org.testng.SuiteRunner.run(SuiteRunner.java:240)
  org.testng.SuiteRunnerWorker.runSuite(SuiteRunnerWorker.java:52)
  org.testng.SuiteRunnerWorker.run(SuiteRunnerWorker.java:86)
  org.testng.TestNG.runSuitesSequentially(TestNG.java:1198)
  org.testng.TestNG.runSuitesLocally(TestNG.java:1123)
  org.testng.TestNG.run(TestNG.java:1031)
  org.testng.remote.AbstractRemoteTestNG.run(AbstractRemoteTestNG.java:126)
  org.testng.remote.RemoteTestNG.initAndRun(RemoteTestNG.java:152)
  org.testng.remote.RemoteTestNG.main(RemoteTestNG.java:57)
Caused by: org.openqa.selenium.WebDriverException: org.apache.http.conn.HttpHostConnectException: Connect to 127.0.0.1:4723 [/127.0.0.1] failed: Connection refused: connect
Build info: version: '2.53.1', revision: 'a36b8b1cd5757287168e54b817830adce9b0158d', time: '2016-06-30 19:26:09'
System info: host: 'DST65976', ip: '10.32.86.32', os.name: 'Windows 7', os.arch: 'amd64', os.version: '6.1', java.version: '1.8.0_121'
Driver info: driver.version: AndroidDriver
  io.appium.java_client.remote.AppiumCommandExecutor.execute(AppiumCommandExecutor.java:84)
  org.openqa.selenium.remote.RemoteWebDriver.execute(RemoteWebDriver.java:644)
  io.appium.java_client.DefaultGenericMobileDriver.execute(DefaultGenericMobileDriver.java:40)
  io.appium.java_client.AppiumDriver.execute(AppiumDriver.java:1)
  io.appium.java_client.android.AndroidDriver.execute(AndroidDriver.java:1)
  org.openqa.selenium.remote.RemoteWebDriver.startSession(RemoteWebDriver.java:249)
  org.openqa.selenium.remote.RemoteWebDriver.<init>(RemoteWebDriver.java:131)
  org.openqa.selenium.remote.RemoteWebDriver.<init>(RemoteWebDriver.java:144)
  io.appium.java_client.DefaultGenericMobileDriver.<init>(DefaultGenericMobileDriver.java:36)
  io.appium.java_client.AppiumDriver.<init>(AppiumDriver.java:114)
  io.appium.java_client.AppiumDriver.<init>(AppiumDriver.java:132)
  io.appium.java_client.android.AndroidDriver.<init>(AndroidDriver.java:92)
  service.impl.InitialServiceImpl.appiumAndroidCtripSetUp(InitialServiceImpl.java:58)
  test.apptest.hotel.FullRoomRate.beforeClass(FullRoomRate.java:36)
  sun.reflect.NativeMethodAccessorImpl.invoke0(Native Method)
  sun.reflect.NativeMethodAccessorImpl.invoke(NativeMethodAccessorImpl.java:62)
  sun.reflect.DelegatingMethodAccessorImpl.invoke(DelegatingMethodAccessorImpl.java:43)
  java.lang.reflect.Method.invoke(Method.java:498)
  org.testng.internal.MethodInvocationHelper.invokeMethod(MethodInvocationHelper.java:80)
  org.testng.internal.Invoker.invokeConfigurationMethod(Invoker.java:564)
  org.testng.internal.Invoker.invokeConfigurations(Invoker.java:213)
  org.testng.internal.Invoker.invokeConfigurations(Invoker.java:138)
  org.testng.internal.TestMethodWorker.invokeBeforeClassMethods(TestMethodWorker.java:175)
  org.testng.internal.TestMethodWorker.run(TestMethodWorker.java:107)
  org.testng.TestRunner.privateRun(TestRunner.java:767)
  org.testng.TestRunner.run(TestRunner.java:617)
  org.testng.SuiteRunner.runTest(SuiteRunner.java:334)
  org.testng.SuiteRunner.runSequentially(SuiteRunner.java:329)
  org.testng.SuiteRunner.privateRun(SuiteRunner.java:291)
  org.testng.SuiteRunner.run(SuiteRunner.java:240)
  org.testng.SuiteRunnerWorker.runSuite(SuiteRunnerWorker.java:52)
  org.testng.SuiteRunnerWorker.run(SuiteRunnerWorker.java:86)
  org.testng.TestNG.runSuitesSequentially(TestNG.java:1198)
  org.testng.TestNG.runSuitesLocally(TestNG.java:1123)
  org.testng.TestNG.run(TestNG.java:1031)
  org.testng.remote.AbstractRemoteTestNG.run(AbstractRemoteTestNG.java:126)
  org.testng.remote.RemoteTestNG.initAndRun(RemoteTestNG.java:152)
  org.testng.remote.RemoteTestNG.main(RemoteTestNG.java:57)
Caused by: org.apache.http.conn.HttpHostConnectException: Connect to 127.0.0.1:4723 [/127.0.0.1] failed: Connection refused: connect
  org.apache.http.impl.conn.DefaultHttpClientConnectionOperator.connect(DefaultHttpClientConnectionOperator.java:158)
  org.apache.http.impl.conn.PoolingHttpClientConnectionManager.connect(PoolingHttpClientConnectionManager.java:353)
  org.apache.http.impl.execchain.MainClientExec.establishRoute(MainClientExec.java:380)
  org.apache.http.impl.execchain.MainClientExec.execute(MainClientExec.java:236)
  org.apache.http.impl.execchain.ProtocolExec.execute(ProtocolExec.java:184)
  org.apache.http.impl.execchain.RetryExec.execute(RetryExec.java:88)
  org.apache.http.impl.execchain.RedirectExec.execute(RedirectExec.java:110)
  org.apache.http.impl.client.InternalHttpClient.doExecute(InternalHttpClient.java:184)
  org.apache.http.impl.client.CloseableHttpClient.execute(CloseableHttpClient.java:71)
  org.apache.http.impl.client.CloseableHttpClient.execute(CloseableHttpClient.java:55)
  org.openqa.selenium.remote.internal.ApacheHttpClient.fallBackExecute(ApacheHttpClient.java:144)
  org.openqa.selenium.remote.internal.ApacheHttpClient.execute(ApacheHttpClient.java:90)
  org.openqa.selenium.remote.HttpCommandExecutor.execute(HttpCommandExecutor.java:142)
  io.appium.java_client.remote.AppiumCommandExecutor.execute(AppiumCommandExecutor.java:69)
  org.openqa.selenium.remote.RemoteWebDriver.execute(RemoteWebDriver.java:644)
  io.appium.java_client.DefaultGenericMobileDriver.execute(DefaultGenericMobileDriver.java:40)
  io.appium.java_client.AppiumDriver.execute(AppiumDriver.java:1)
  io.appium.java_client.android.AndroidDriver.execute(AndroidDriver.java:1)
  org.openqa.selenium.remote.RemoteWebDriver.startSession(RemoteWebDriver.java:249)
  org.openqa.selenium.remote.RemoteWebDriver.<init>(RemoteWebDriver.java:131)
  org.openqa.selenium.remote.RemoteWebDriver.<init>(RemoteWebDriver.java:144)
  io.appium.java_client.DefaultGenericMobileDriver.<init>(DefaultGenericMobileDriver.java:36)
  io.appium.java_client.AppiumDriver.<init>(AppiumDriver.java:114)
  io.appium.java_client.AppiumDriver.<init>(AppiumDriver.java:132)
  io.appium.java_client.android.AndroidDriver.<init>(AndroidDriver.java:92)
  service.impl.InitialServiceImpl.appiumAndroidCtripSetUp(InitialServiceImpl.java:58)
  test.apptest.hotel.FullRoomRate.beforeClass(FullRoomRate.java:36)
  sun.reflect.NativeMethodAccessorImpl.invoke0(Native Method)
  sun.reflect.NativeMethodAccessorImpl.invoke(NativeMethodAccessorImpl.java:62)
  sun.reflect.DelegatingMethodAccessorImpl.invoke(DelegatingMethodAccessorImpl.java:43)
  java.lang.reflect.Method.invoke(Method.java:498)
  org.testng.internal.MethodInvocationHelper.invokeMethod(MethodInvocationHelper.java:80)
  org.testng.internal.Invoker.invokeConfigurationMethod(Invoker.java:564)
  org.testng.internal.Invoker.invokeConfigurations(Invoker.java:213)
  org.testng.internal.Invoker.invokeConfigurations(Invoker.java:138)
  org.testng.internal.TestMethodWorker.invokeBeforeClassMethods(TestMethodWorker.java:175)
  org.testng.internal.TestMethodWorker.run(TestMethodWorker.java:107)
  org.testng.TestRunner.privateRun(TestRunner.java:767)
  org.testng.TestRunner.run(TestRunner.java:617)
  org.testng.SuiteRunner.runTest(SuiteRunner.java:334)
  org.testng.SuiteRunner.runSequentially(SuiteRunner.java:329)
  org.testng.SuiteRunner.privateRun(SuiteRunner.java:291)
  org.testng.SuiteRunner.run(SuiteRunner.java:240)
  org.testng.SuiteRunnerWorker.runSuite(SuiteRunnerWorker.java:52)
  org.testng.SuiteRunnerWorker.run(SuiteRunnerWorker.java:86)
  org.testng.TestNG.runSuitesSequentially(TestNG.java:1198)
  org.testng.TestNG.runSuitesLocally(TestNG.java:1123)
  org.testng.TestNG.run(TestNG.java:1031)
  org.testng.remote.AbstractRemoteTestNG.run(AbstractRemoteTestNG.java:126)
  org.testng.remote.RemoteTestNG.initAndRun(RemoteTestNG.java:152)
  org.testng.remote.RemoteTestNG.main(RemoteTestNG.java:57)
Caused by: java.net.ConnectException: Connection refused: connect
  java.net.DualStackPlainSocketImpl.waitForConnect(Native Method)
  java.net.DualStackPlainSocketImpl.socketConnect(DualStackPlainSocketImpl.java:85)
  java.net.AbstractPlainSocketImpl.doConnect(AbstractPlainSocketImpl.java:350)
  java.net.AbstractPlainSocketImpl.connectToAddress(AbstractPlainSocketImpl.java:206)
  java.net.AbstractPlainSocketImpl.connect(AbstractPlainSocketImpl.java:188)
  java.net.PlainSocketImpl.connect(PlainSocketImpl.java:172)
  java.net.SocksSocketImpl.connect(SocksSocketImpl.java:392)
  java.net.Socket.connect(Socket.java:589)
  org.apache.http.conn.socket.PlainConnectionSocketFactory.connectSocket(PlainConnectionSocketFactory.java:74)
  org.apache.http.impl.conn.DefaultHttpClientConnectionOperator.connect(DefaultHttpClientConnectionOperator.java:141)
  org.apache.http.impl.conn.PoolingHttpClientConnectionManager.connect(PoolingHttpClientConnectionManager.java:353)
  org.apache.http.impl.execchain.MainClientExec.establishRoute(MainClientExec.java:380)
  org.apache.http.impl.execchain.MainClientExec.execute(MainClientExec.java:236)
  org.apache.http.impl.execchain.ProtocolExec.execute(ProtocolExec.java:184)
  org.apache.http.impl.execchain.RetryExec.execute(RetryExec.java:88)
  org.apache.http.impl.execchain.RedirectExec.execute(RedirectExec.java:110)
  org.apache.http.impl.client.InternalHttpClient.doExecute(InternalHttpClient.java:184)
  org.apache.http.impl.client.CloseableHttpClient.execute(CloseableHttpClient.java:71)
  org.apache.http.impl.client.CloseableHttpClient.execute(CloseableHttpClient.java:55)
  org.openqa.selenium.remote.internal.ApacheHttpClient.fallBackExecute(ApacheHttpClient.java:144)
  org.openqa.selenium.remote.internal.ApacheHttpClient.execute(ApacheHttpClient.java:90)
  org.openqa.selenium.remote.HttpCommandExecutor.execute(HttpCommandExecutor.java:142)
  io.appium.java_client.remote.AppiumCommandExecutor.execute(AppiumCommandExecutor.java:69)
  org.openqa.selenium.remote.RemoteWebDriver.execute(RemoteWebDriver.java:644)
  io.appium.java_client.DefaultGenericMobileDriver.execute(DefaultGenericMobileDriver.java:40)
  io.appium.java_client.AppiumDriver.execute(AppiumDriver.java:1)
  io.appium.java_client.android.AndroidDriver.execute(AndroidDriver.java:1)
  org.openqa.selenium.remote.RemoteWebDriver.startSession(RemoteWebDriver.java:249)
  org.openqa.selenium.remote.RemoteWebDriver.<init>(RemoteWebDriver.java:131)
  org.openqa.selenium.remote.RemoteWebDriver.<init>(RemoteWebDriver.java:144)
  io.appium.java_client.DefaultGenericMobileDriver.<init>(DefaultGenericMobileDriver.java:36)
  io.appium.java_client.AppiumDriver.<init>(AppiumDriver.java:114)
  io.appium.java_client.AppiumDriver.<init>(AppiumDriver.java:132)
  io.appium.java_client.android.AndroidDriver.<init>(AndroidDriver.java:92)
  service.impl.InitialServiceImpl.appiumAndroidCtripSetUp(InitialServiceImpl.java:58)
  test.apptest.hotel.FullRoomRate.beforeClass(FullRoomRate.java:36)
  sun.reflect.NativeMethodAccessorImpl.invoke0(Native Method)
  sun.reflect.NativeMethodAccessorImpl.invoke(NativeMethodAccessorImpl.java:62)
  sun.reflect.DelegatingMethodAccessorImpl.invoke(DelegatingMethodAccessorImpl.java:43)
  java.lang.reflect.Method.invoke(Method.java:498)
  org.testng.internal.MethodInvocationHelper.invokeMethod(MethodInvocationHelper.java:80)
  org.testng.internal.Invoker.invokeConfigurationMethod(Invoker.java:564)
  org.testng.internal.Invoker.invokeConfigurations(Invoker.java:213)
  org.testng.internal.Invoker.invokeConfigurations(Invoker.java:138)
  org.testng.internal.TestMethodWorker.invokeBeforeClassMethods(TestMethodWorker.java:175)
  org.testng.internal.TestMethodWorker.run(TestMethodWorker.java:107)
  org.testng.TestRunner.privateRun(TestRunner.java:767)
  org.testng.TestRunner.run(TestRunner.java:617)
  org.testng.SuiteRunner.runTest(SuiteRunner.java:334)
  org.testng.SuiteRunner.runSequentially(SuiteRunner.java:329)
  org.testng.SuiteRunner.privateRun(SuiteRunner.java:291)
  org.testng.SuiteRunner.run(SuiteRunner.java:240)
  org.testng.SuiteRunnerWorker.runSuite(SuiteRunnerWorker.java:52)
  org.testng.SuiteRunnerWorker.run(SuiteRunnerWorker.java:86)
  org.testng.TestNG.runSuitesSequentially(TestNG.java:1198)
  org.testng.TestNG.runSuitesLocally(TestNG.java:1123)
  org.testng.TestNG.run(TestNG.java:1031)
  org.testng.remote.AbstractRemoteTestNG.run(AbstractRemoteTestNG.java:126)
  org.testng.remote.RemoteTestNG.initAndRun(RemoteTestNG.java:152)
  org.testng.remote.RemoteTestNG.main(RemoteTestNG.java:57)
]]>
      </failure>

          </testcase>
  
            <testcase name="afterClass" time="0.0" classname="test.apptest.hotel.FullRoomRate">
          <skipped />
    </testcase>
            <testcase name="springTestContextBeforeTestMethod" time="0.0" classname="test.apptest.hotel.FullRoomRate">
          <skipped />
    </testcase>
            <testcase name="districtFullRoomRate" time="0.0" classname="test.apptest.hotel.FullRoomRate">
          <skipped />
    </testcase>
  
  
</testsuite>
