<?xml version="1.0" encoding="UTF-8"?>
<testsuite name="HotelListPage"
           tests="6"
           failures="0"
           errors="0"
           skipped="6"
           time="0.001">
  <properties />
  
            <testcase name="beforeClass" time="0.0" classname="test.apptest.hotel.ListWithOtherPage">
          <skipped />
    </testcase>
            <testcase name="springTestContextBeforeTestMethod" time="0.0" classname="test.apptest.hotel.ListWithOtherPage">
          <skipped />
    </testcase>
            <testcase name="springTestContextBeforeTestClass" time="0.0" classname="test.apptest.hotel.ListWithOtherPage">
          <skipped />
    </testcase>
            <testcase name="springTestContextPrepareTestInstance" time="0.0" classname="test.apptest.hotel.ListWithOtherPage">
          <skipped />
    </testcase>
            <testcase name="afterClass" time="0.0" classname="test.apptest.hotel.ListWithOtherPage">
          <skipped />
    </testcase>
            <testcase name="listWithOther" time="0.0" classname="test.apptest.hotel.ListWithOtherPage">
          <skipped />
    </testcase>
  
  
</testsuite>
