<?xml version="1.0" encoding="UTF-8"?>
<testsuite name="HotelHomePage"
           tests="6"
           failures="0"
           errors="0"
           skipped="6"
           time="0.000">
  <properties />
  
            <testcase name="springTestContextBeforeTestMethod" time="0.0" classname="test.apptest.hotel.SearchHotelInOverseasTrain">
          <skipped />
    </testcase>
            <testcase name="springTestContextBeforeTestClass" time="0.0" classname="test.apptest.hotel.SearchHotelInOverseasTrain">
          <skipped />
    </testcase>
            <testcase name="beforeClass" time="0.0" classname="test.apptest.hotel.SearchHotelInOverseasTrain">
          <skipped />
    </testcase>
            <testcase name="afterClass" time="0.0" classname="test.apptest.hotel.SearchHotelInOverseasTrain">
          <skipped />
    </testcase>
            <testcase name="springTestContextPrepareTestInstance" time="0.0" classname="test.apptest.hotel.SearchHotelInOverseasTrain">
          <skipped />
    </testcase>
            <testcase name="searchHotelInOverseasTrain" time="0.0" classname="test.apptest.hotel.SearchHotelInOverseasTrain">
          <skipped />
    </testcase>
  
  
</testsuite>
