<?xml version="1.0" encoding="UTF-8"?>
<testsuite name="HotelHomePage"
           tests="4"
           failures="0"
           errors="0"
           skipped="0"
           time="138.023">
  <properties />
  
  
            <testcase name="defaultStarSearch" time="36.314" classname="test.apptest.hotel.StarSearch" />
                <testcase name="twostarSearch" time="29.954" classname="test.apptest.hotel.StarSearch" />
                <testcase name="Star345Search" time="43.871" classname="test.apptest.hotel.StarSearch" />
                <testcase name="starSearch" time="27.884" classname="test.apptest.hotel.StarSearch" />
      
</testsuite>
