<?xml version="1.0" encoding="UTF-8"?>
<testsuite name="HotelHomePage"
           tests="13"
           failures="0"
           errors="0"
           skipped="13"
           time="0.000">
  <properties />
  
            <testcase name="afterClass" time="0.0" classname="test.apptest.hotel.MyHotelOrder">
          <skipped />
    </testcase>
            <testcase name="afterTest" time="0.0" classname="test.apptest.hotel.MyHotelOrder">
          <skipped />
    </testcase>
            <testcase name="beforeClass" time="0.0" classname="test.apptest.hotel.MyHotelOrder">
          <skipped />
    </testcase>
            <testcase name="springTestContextBeforeTestMethod" time="0.0" classname="test.apptest.hotel.MyHotelOrder">
          <skipped />
    </testcase>
            <testcase name="springTestContextPrepareTestInstance" time="0.0" classname="test.apptest.hotel.MyHotelOrder">
          <skipped />
    </testcase>
            <testcase name="springTestContextBeforeTestClass" time="0.0" classname="test.apptest.hotel.MyHotelOrder">
          <skipped />
    </testcase>
            <testcase name="afterTest" time="0.0" classname="test.apptest.hotel.MyHotelOrder">
          <skipped />
    </testcase>
            <testcase name="afterTest" time="0.0" classname="test.apptest.hotel.MyHotelOrder">
          <skipped />
    </testcase>
            <testcase name="springTestContextBeforeTestMethod" time="0.0" classname="test.apptest.hotel.MyHotelOrder">
          <skipped />
    </testcase>
            <testcase name="springTestContextBeforeTestMethod" time="0.0" classname="test.apptest.hotel.MyHotelOrder">
          <skipped />
    </testcase>
            <testcase name="myHotelOrderTrip" time="0.0" classname="test.apptest.hotel.MyHotelOrder">
          <skipped />
    </testcase>
            <testcase name="noBookingsFound" time="0.0" classname="test.apptest.hotel.MyHotelOrder">
          <skipped />
    </testcase>
            <testcase name="MyHotelOrderGuest" time="0.0" classname="test.apptest.hotel.MyHotelOrder">
          <skipped />
    </testcase>
  
  
</testsuite>
