<?xml version="1.0" encoding="UTF-8"?>
<testsuite name="HomePage"
           tests="3"
           failures="0"
           errors="0"
           skipped="0"
           time="43.916">
  <properties />
  
  
            <testcase name="hotelSearch" time="15.309" classname="test.apptest.hotel.HotelSearchEngine" />
                <testcase name="hotelSearch" time="14.225" classname="test.apptest.hotel.HotelSearchEngine" />
                <testcase name="hotelSearch" time="14.382" classname="test.apptest.hotel.HotelSearchEngine" />
      
</testsuite>
